2026-05-25 23:46:25,031 [INFO] --- Launching Afternoon Ingestion Phase for 2026-05-25 ---
2026-05-25 23:46:25,031 [INFO] Extracting raw weather payload data from Open-Meteo API...
2026-05-25 23:46:25,670 [INFO] Loading stage complete! Raw payload file successfully saved to: raw_json/observed_2026-05-25.json
2026-05-25 23:46:25,670 [INFO] Connecting to cloud Neon PostgreSQL database instance to archive JSONB document...
2026-05-25 23:46:26,455 [INFO] Successfully committed complete observed JSONB document payload to cloud storage.
2026-05-25 23:46:26,456 [INFO] Pipeline Execution Success: Raw payload archived to GitHub and flat arrays committed to PostgreSQL database.
2026-05-25 23:46:26,605 [INFO] Connecting to Neon PostgreSQL production node...
2026-05-25 23:46:26,975 [INFO] Extracting raw telemetry records...
2026-05-25 23:46:27,213 [INFO] Successfully extracted 960 source entries from Postgres.
2026-05-25 23:46:27,213 [INFO] Extracting raw observed weather payload data for 2026-05-25...
2026-05-25 23:46:27,274 [INFO] Opening analytic file store at: environmental_data.db
2026-05-25 23:46:27,284 [INFO] Initializing dimensional framework in DuckDB...
2026-05-25 23:46:27,288 [INFO] Seeding static perimeter network structural dimensions...
2026-05-25 23:46:27,356 [INFO] Sorting telemetry stream rows into distinct physical fact tables...
2026-05-25 23:46:29,709 [INFO] Fact table processing complete. Total records isolated: 960
2026-05-25 23:46:29,709 [INFO] Processing weather reality payload and computing real shift vectors...
2026-05-25 23:46:29,709 [INFO] Observed Realities Calculated: Temp: 62.3°F | Humid: 89.8% | Wind: 283.7° (WNW -> Downwind: ESE)
2026-05-25 23:46:29,715 [INFO] Observed shift weather summary successfully committed to local analytical core.
2026-05-25 23:46:29,743 [INFO] Connecting Admin Client to Aiven cluster to clear topic 'intraday_pid_telemetry'...
2026-05-25 23:46:30,461 [INFO] Topic 'intraday_pid_telemetry' successfully dropped from cluster logs.
2026-05-25 23:46:30,461 [INFO] Waiting 5 seconds for cluster stabilization...
2026-05-25 23:46:35,573 [INFO] Topic 'intraday_pid_telemetry' successfully recreated. Topic is now completely clean!
2026-05-25 23:46:35,574 [INFO] ETL ecosystem processing cycle terminated successfully.
2026-05-25 23:46:35,690 [INFO] Starting dashboard generation cycle...
2026-05-25 23:46:35,690 [INFO] Opening unified environmental data warehouse: environmental_data.db
2026-05-25 23:46:35,709 [INFO] Node-N timeline compiled. Datapoints: 120
2026-05-25 23:46:35,712 [INFO] Node-NE timeline compiled. Datapoints: 120
2026-05-25 23:46:35,714 [INFO] Node-E timeline compiled. Datapoints: 120
2026-05-25 23:46:35,716 [INFO] Node-SE timeline compiled. Datapoints: 120
2026-05-25 23:46:35,718 [INFO] Node-S timeline compiled. Datapoints: 120
2026-05-25 23:46:35,720 [INFO] Node-SW timeline compiled. Datapoints: 120
2026-05-25 23:46:35,723 [INFO] Node-W timeline compiled. Datapoints: 120
2026-05-25 23:46:35,725 [INFO] Node-NW timeline compiled. Datapoints: 120
2026-05-25 23:46:35,728 [INFO] Dashboard rewrite finalized. Output target flushed to: index.html
