2026-05-25 17:55:45,834 [INFO] Connecting to a secure cloud-managed Aiven Kafka instance...
2026-05-25 17:55:46,467 [INFO] Meteorological context sync: Wind blowing towards downwind sector NE (226° raw input).
2026-05-25 17:55:46,468 [INFO] Simulating telemetry window: 11:55:46 to 13:55:46
2026-05-25 17:55:46,471 [INFO] --- [PLUME TRANSIENT INTERCEPT] Vapor breakthrough simulated heading downwind towards NE ---
2026-05-25 17:55:46,473 [INFO] --- [PLUME TRANSIENT RESOLVED] Vapor concentrations returned to environmental baseline. ---
2026-05-25 17:55:46,475 [INFO] All 120 telemetry intervals successfully calculated and buffered.
2026-05-25 17:55:46,475 [INFO] Flushing full historical payload burst to Aiven cloud broker...
2026-05-25 17:55:56,475 [INFO] Data injection phase complete. Producer context offline.
2026-05-25 18:00:53,593 [INFO] Connecting to a secure cloud-managed Aiven Kafka instance...
2026-05-25 18:00:54,773 [INFO] Meteorological context sync: Wind blowing towards downwind sector NE (222° raw input).
2026-05-25 18:00:54,783 [INFO] Simulating telemetry window: 12:00:54 to 14:00:54
2026-05-25 18:00:54,784 [INFO] --- [PLUME TRANSIENT INTERCEPT] Vapor breakthrough simulated heading downwind towards NE ---
2026-05-25 18:00:54,785 [INFO] --- [PLUME TRANSIENT RESOLVED] Vapor concentrations returned to environmental baseline. ---
2026-05-25 18:00:54,787 [INFO] --- [PLUME TRANSIENT INTERCEPT] Vapor breakthrough simulated heading downwind towards NE ---
2026-05-25 18:00:54,789 [INFO] --- [PLUME TRANSIENT RESOLVED] Vapor concentrations returned to environmental baseline. ---
2026-05-25 18:00:54,790 [INFO] All 120 telemetry intervals successfully calculated and buffered.
2026-05-25 18:00:54,790 [INFO] Flushing full historical payload burst to Aiven cloud broker...
2026-05-25 18:01:04,790 [INFO] Data injection phase complete. Producer context offline.
2026-05-25 18:21:46,630 [INFO] Connecting to a secure cloud-managed Aiven Kafka instance...
2026-05-25 18:21:47,262 [INFO] Meteorological context sync: Wind blowing towards downwind sector NE (222° raw input).
2026-05-25 18:21:47,264 [INFO] Simulating telemetry window: 12:21:47 to 14:21:47
2026-05-25 18:21:47,267 [INFO] --- [PLUME TRANSIENT INTERCEPT] Vapor breakthrough simulated heading downwind towards NE ---
2026-05-25 18:21:47,268 [INFO] --- [PLUME TRANSIENT RESOLVED] Vapor concentrations returned to environmental baseline. ---
2026-05-25 18:21:47,271 [INFO] All 120 telemetry intervals successfully calculated and buffered.
2026-05-25 18:21:47,271 [INFO] Flushing full historical payload burst to Aiven cloud broker...
2026-05-25 18:21:57,271 [INFO] Data injection phase complete. Producer context offline.
2026-05-25 18:28:09,193 [INFO] Connecting to a secure cloud-managed Aiven Kafka instance...
2026-05-25 18:28:09,848 [INFO] Meteorological context sync: Wind blowing towards downwind sector NE (222° raw input).
2026-05-25 18:28:09,855 [INFO] Simulating telemetry window: 12:28:09 to 14:28:09
2026-05-25 18:28:09,859 [INFO] --- [PLUME TRANSIENT INTERCEPT] Vapor breakthrough simulated heading downwind towards NE ---
2026-05-25 18:28:09,860 [INFO] --- [PLUME TRANSIENT RESOLVED] Vapor concentrations returned to environmental baseline. ---
2026-05-25 18:28:09,861 [INFO] --- [PLUME TRANSIENT INTERCEPT] Vapor breakthrough simulated heading downwind towards NE ---
2026-05-25 18:28:09,862 [INFO] --- [PLUME TRANSIENT RESOLVED] Vapor concentrations returned to environmental baseline. ---
2026-05-25 18:28:09,862 [INFO] All 120 telemetry intervals successfully calculated and buffered.
2026-05-25 18:28:09,862 [INFO] Flushing full historical payload burst to Aiven cloud broker...
2026-05-25 18:28:19,863 [INFO] Data injection phase complete. Producer context offline.
2026-05-25 18:31:09,267 [INFO] Connecting to a secure cloud-managed Aiven Kafka instance...
2026-05-25 18:31:09,909 [INFO] Meteorological context sync: Wind blowing towards downwind sector NE (222° raw input).
2026-05-25 18:31:09,911 [INFO] Simulating telemetry window: 12:31:09 to 14:31:09
2026-05-25 18:31:09,911 [INFO] --- [PLUME TRANSIENT INTERCEPT] Vapor breakthrough simulated heading downwind towards NE ---
2026-05-25 18:31:09,914 [INFO] --- [PLUME TRANSIENT RESOLVED] Vapor concentrations returned to environmental baseline. ---
2026-05-25 18:31:09,915 [INFO] --- [PLUME TRANSIENT INTERCEPT] Vapor breakthrough simulated heading downwind towards NE ---
2026-05-25 18:31:09,918 [INFO] --- [PLUME TRANSIENT RESOLVED] Vapor concentrations returned to environmental baseline. ---
2026-05-25 18:31:09,919 [INFO] --- [PLUME TRANSIENT INTERCEPT] Vapor breakthrough simulated heading downwind towards NE ---
2026-05-25 18:31:09,921 [INFO] All 120 telemetry intervals successfully calculated and buffered.
2026-05-25 18:31:09,921 [INFO] Flushing full historical payload burst to Aiven cloud broker...
2026-05-25 18:31:19,922 [INFO] Data injection phase complete. Producer context offline.
2026-05-25 18:33:54,470 [INFO] Connecting to a secure cloud-managed Aiven Kafka instance...
2026-05-25 18:33:55,159 [INFO] Meteorological context sync: Wind blowing towards downwind sector NE (222° raw input).
2026-05-25 18:33:55,167 [INFO] Simulating telemetry window: 12:33:55 to 14:33:55
2026-05-25 18:33:55,170 [INFO] --- [PLUME TRANSIENT INTERCEPT] Vapor breakthrough simulated heading downwind towards NE ---
2026-05-25 18:33:55,172 [INFO] --- [PLUME TRANSIENT RESOLVED] Vapor concentrations returned to environmental baseline. ---
2026-05-25 18:33:55,172 [INFO] --- [PLUME TRANSIENT INTERCEPT] Vapor breakthrough simulated heading downwind towards NE ---
2026-05-25 18:33:55,174 [INFO] --- [PLUME TRANSIENT RESOLVED] Vapor concentrations returned to environmental baseline. ---
2026-05-25 18:33:55,178 [INFO] All 120 telemetry intervals successfully calculated and buffered.
2026-05-25 18:33:55,178 [INFO] Flushing full historical payload burst to Aiven cloud broker...
2026-05-25 18:34:05,179 [INFO] Data injection phase complete. Producer context offline.
2026-05-25 18:38:17,662 [INFO] Connecting to a secure cloud-managed Aiven Kafka instance...
2026-05-25 18:38:18,303 [INFO] Meteorological context sync: Wind blowing towards downwind sector NE (222° raw input).
2026-05-25 18:38:18,305 [INFO] Simulating telemetry window: 12:38:18 to 14:38:18
2026-05-25 18:38:18,307 [INFO] --- [PLUME TRANSIENT INTERCEPT] Vapor breakthrough simulated heading downwind towards NE ---
2026-05-25 18:38:18,310 [INFO] --- [PLUME TRANSIENT RESOLVED] Vapor concentrations returned to environmental baseline. ---
2026-05-25 18:38:18,314 [INFO] --- [PLUME TRANSIENT INTERCEPT] Vapor breakthrough simulated heading downwind towards NE ---
2026-05-25 18:38:18,315 [INFO] All 120 telemetry intervals successfully calculated and buffered.
2026-05-25 18:38:18,315 [INFO] Flushing full historical payload burst to Aiven cloud broker...
2026-05-25 18:38:28,315 [INFO] Data injection phase complete. Producer context offline.
2026-05-25 18:41:31,182 [INFO] Connecting to a secure cloud-managed Aiven Kafka instance...
2026-05-25 18:41:31,579 [INFO] Meteorological context sync: Wind blowing towards downwind sector NE (222° raw input).
2026-05-25 18:41:31,585 [INFO] Simulating telemetry window: 12:41:31 to 14:41:31
2026-05-25 18:41:31,586 [INFO] --- [PLUME TRANSIENT INTERCEPT] Vapor breakthrough simulated heading downwind towards NE ---
2026-05-25 18:41:31,588 [INFO] --- [PLUME TRANSIENT RESOLVED] Vapor concentrations returned to environmental baseline. ---
2026-05-25 18:41:31,589 [INFO] --- [PLUME TRANSIENT INTERCEPT] Vapor breakthrough simulated heading downwind towards NE ---
2026-05-25 18:41:31,590 [INFO] --- [PLUME TRANSIENT RESOLVED] Vapor concentrations returned to environmental baseline. ---
2026-05-25 18:41:31,591 [INFO] --- [PLUME TRANSIENT INTERCEPT] Vapor breakthrough simulated heading downwind towards NE ---
2026-05-25 18:41:31,593 [INFO] --- [PLUME TRANSIENT RESOLVED] Vapor concentrations returned to environmental baseline. ---
2026-05-25 18:41:31,595 [INFO] --- [PLUME TRANSIENT INTERCEPT] Vapor breakthrough simulated heading downwind towards NE ---
2026-05-25 18:41:31,595 [INFO] All 120 telemetry intervals successfully calculated and buffered.
2026-05-25 18:41:31,595 [INFO] Flushing full historical payload burst to Aiven cloud broker...
2026-05-25 18:41:41,596 [INFO] Data injection phase complete. Producer context offline.
2026-05-25 18:54:04,801 [INFO] Connecting to a secure cloud-managed Aiven Kafka instance...
2026-05-25 18:54:05,269 [INFO] Meteorological context sync: Wind blowing towards downwind sector NE (215° raw input).
2026-05-25 18:54:05,271 [INFO] Simulating telemetry window: 12:54:05 to 14:54:05
2026-05-25 18:54:05,272 [INFO] --- [PLUME TRANSIENT INTERCEPT] Vapor breakthrough simulated heading downwind towards NE ---
2026-05-25 18:54:05,274 [INFO] --- [PLUME TRANSIENT RESOLVED] Vapor concentrations returned to environmental baseline. ---
2026-05-25 18:54:05,281 [INFO] All 120 telemetry intervals successfully calculated and buffered.
2026-05-25 18:54:05,281 [INFO] Flushing full historical payload burst to Aiven cloud broker...
2026-05-25 18:54:06,078 [INFO] Data injection phase complete. Producer context offline.
